2022-08-03 17:11:36: Server listening for http on 8855
2022-08-03 17:11:42: 
2022-08-03 17:11:42: 
2022-08-03 17:11:42: POST /open_admin/user/login {"loginName":"admin","password":"123456"}
2022-08-03 17:11:42: {
2022-08-03 17:11:42:   req: <ref *1> IncomingMessage {
2022-08-03 17:11:42:     _readableState: ReadableState {
2022-08-03 17:11:42:       objectMode: false,
2022-08-03 17:11:42:       highWaterMark: 16384,
2022-08-03 17:11:42:       buffer: BufferList { head: null, tail: null, length: 0 },
2022-08-03 17:11:42:       length: 0,
2022-08-03 17:11:42:       pipes: [],
2022-08-03 17:11:42:       flowing: true,
2022-08-03 17:11:42:       ended: true,
2022-08-03 17:11:42:       endEmitted: true,
2022-08-03 17:11:42:       reading: false,
2022-08-03 17:11:42:       constructed: true,
2022-08-03 17:11:42:       sync: false,
2022-08-03 17:11:42:       needReadable: false,
2022-08-03 17:11:42:       emittedReadable: false,
2022-08-03 17:11:42:       readableListening: false,
2022-08-03 17:11:42:       resumeScheduled: false,
2022-08-03 17:11:42:       errorEmitted: false,
2022-08-03 17:11:42:       emitClose: true,
2022-08-03 17:11:42:       autoDestroy: true,
2022-08-03 17:11:42:       destroyed: false,
2022-08-03 17:11:42:       errored: null,
2022-08-03 17:11:42:       closed: false,
2022-08-03 17:11:42:       closeEmitted: false,
2022-08-03 17:11:42:       defaultEncoding: 'utf8',
2022-08-03 17:11:42:       awaitDrainWriters: null,
2022-08-03 17:11:42:       multiAwaitDrain: false,
2022-08-03 17:11:42:       readingMore: false,
2022-08-03 17:11:42:       dataEmitted: true,
2022-08-03 17:11:42:       decoder: null,
2022-08-03 17:11:42:       encoding: null,
2022-08-03 17:11:42:       [Symbol(kPaused)]: false
2022-08-03 17:11:42:     },
2022-08-03 17:11:42:     _events: [Object: null prototype] { end: [Function: clearRequestTimeout] },
2022-08-03 17:11:42:     _eventsCount: 1,
2022-08-03 17:11:42:     _maxListeners: undefined,
2022-08-03 17:11:42:     socket: Socket {
2022-08-03 17:11:42:       connecting: false,
2022-08-03 17:11:42:       _hadError: false,
2022-08-03 17:11:42:       _parent: null,
2022-08-03 17:11:42:       _host: null,
2022-08-03 17:11:42:       _readableState: [ReadableState],
2022-08-03 17:11:42:       _events: [Object: null prototype],
2022-08-03 17:11:42:       _eventsCount: 8,
2022-08-03 17:11:42:       _maxListeners: undefined,
2022-08-03 17:11:42:       _writableState: [WritableState],
2022-08-03 17:11:42:       allowHalfOpen: true,
2022-08-03 17:11:42:       _sockname: null,
2022-08-03 17:11:42:       _pendingData: null,
2022-08-03 17:11:42:       _pendingEncoding: '',
2022-08-03 17:11:42:       server: [Server],
2022-08-03 17:11:42:       _server: [Server],
2022-08-03 17:11:42:       parser: [HTTPParser],
2022-08-03 17:11:42:       on: [Function: socketListenerWrap],
2022-08-03 17:11:42:       addListener: [Function: socketListenerWrap],
2022-08-03 17:11:42:       prependListener: [Function: socketListenerWrap],
2022-08-03 17:11:42:       setEncoding: [Function: socketSetEncoding],
2022-08-03 17:11:42:       _paused: false,
2022-08-03 17:11:42:       _httpMessage: [ServerResponse],
2022-08-03 17:11:42:       [Symbol(async_id_symbol)]: 33,
2022-08-03 17:11:42:       [Symbol(kHandle)]: [TCP],
2022-08-03 17:11:42:       [Symbol(lastWriteQueueSize)]: 0,
2022-08-03 17:11:42:       [Symbol(timeout)]: null,
2022-08-03 17:11:42:       [Symbol(kBuffer)]: null,
2022-08-03 17:11:42:       [Symbol(kBufferCb)]: null,
2022-08-03 17:11:42:       [Symbol(kBufferGen)]: null,
2022-08-03 17:11:42:       [Symbol(kCapture)]: false,
2022-08-03 17:11:42:       [Symbol(kSetNoDelay)]: false,
2022-08-03 17:11:42:       [Symbol(kSetKeepAlive)]: false,
2022-08-03 17:11:42:       [Symbol(kSetKeepAliveInitialDelay)]: 0,
2022-08-03 17:11:42:       [Symbol(kBytesRead)]: 0,
2022-08-03 17:11:42:       [Symbol(kBytesWritten)]: 0,
2022-08-03 17:11:42:       [Symbol(RequestTimeout)]: undefined
2022-08-03 17:11:42:     },
2022-08-03 17:11:42:     httpVersionMajor: 1,
2022-08-03 17:11:42:     httpVersionMinor: 1,
2022-08-03 17:11:42:     httpVersion: '1.1',
2022-08-03 17:11:42:     complete: true,
2022-08-03 17:11:42:     rawHeaders: [
2022-08-03 17:11:42:       'Host',
2022-08-03 17:11:42:       '127.0.0.1:8855',
2022-08-03 17:11:42:       'Connection',
2022-08-03 17:11:42:       'keep-alive',
2022-08-03 17:11:42:       'Content-Length',
2022-08-03 17:11:42:       '41',
2022-08-03 17:11:42:       'sec-ch-ua',
2022-08-03 17:11:42:       '".Not/A)Brand";v="99", "Google Chrome";v="103", "Chromium";v="103"',
2022-08-03 17:11:42:       'Accept',
2022-08-03 17:11:42:       'application/json, text/plain, */*',
2022-08-03 17:11:42:       'Content-Type',
2022-08-03 17:11:42:       'application/json;charset=UTF-8',
2022-08-03 17:11:42:       'sec-ch-ua-mobile',
2022-08-03 17:11:42:       '?0',
2022-08-03 17:11:42:       'User-Agent',
2022-08-03 17:11:42:       'Mozilla/5.0 (Macintosh; Intel Mac OS X 10_15_7) AppleWebKit/537.36 (KHTML, like Gecko) Chrome/103.0.0.0 Safari/537.36',
2022-08-03 17:11:42:       'sec-ch-ua-platform',
2022-08-03 17:11:42:       '"macOS"',
2022-08-03 17:11:42:       'Origin',
2022-08-03 17:11:42:       'http://127.0.0.1:8855',
2022-08-03 17:11:42:       'Sec-Fetch-Site',
2022-08-03 17:11:42:       'same-origin',
2022-08-03 17:11:42:       'Sec-Fetch-Mode',
2022-08-03 17:11:42:       'cors',
2022-08-03 17:11:42:       'Sec-Fetch-Dest',
2022-08-03 17:11:42:       'empty',
2022-08-03 17:11:42:       'Referer',
2022-08-03 17:11:42:       'http://127.0.0.1:8855/admin/',
2022-08-03 17:11:42:       'Accept-Encoding',
2022-08-03 17:11:42:       'gzip, deflate, br',
2022-08-03 17:11:42:       'Accept-Language',
2022-08-03 17:11:42:       'zh-CN,zh;q=0.9,en;q=0.8',
2022-08-03 17:11:42:       'Cookie',
2022-08-03 17:11:42:       '_ga=GA1.1.1470094115.1656697612; _ga_39NRXSECDR=GS1.1.1656697612.1.1.1656702666.0'
2022-08-03 17:11:42:     ],
2022-08-03 17:11:42:     rawTrailers: [],
2022-08-03 17:11:42:     aborted: false,
2022-08-03 17:11:42:     upgrade: false,
2022-08-03 17:11:42:     url: '/open_admin/user/login',
2022-08-03 17:11:42:     method: 'POST',
2022-08-03 17:11:42:     statusCode: null,
2022-08-03 17:11:42:     statusMessage: null,
2022-08-03 17:11:42:     client: Socket {
2022-08-03 17:11:42:       connecting: false,
2022-08-03 17:11:42:       _hadError: false,
2022-08-03 17:11:42:       _parent: null,
2022-08-03 17:11:42:       _host: null,
2022-08-03 17:11:42:       _readableState: [ReadableState],
2022-08-03 17:11:42:       _events: [Object: null prototype],
2022-08-03 17:11:42:       _eventsCount: 8,
2022-08-03 17:11:42:       _maxListeners: undefined,
2022-08-03 17:11:42:       _writableState: [WritableState],
2022-08-03 17:11:42:       allowHalfOpen: true,
2022-08-03 17:11:42:       _sockname: null,
2022-08-03 17:11:42:       _pendingData: null,
2022-08-03 17:11:42:       _pendingEncoding: '',
2022-08-03 17:11:42:       server: [Server],
2022-08-03 17:11:42:       _server: [Server],
2022-08-03 17:11:42:       parser: [HTTPParser],
2022-08-03 17:11:42:       on: [Function: socketListenerWrap],
2022-08-03 17:11:42:       addListener: [Function: socketListenerWrap],
2022-08-03 17:11:42:       prependListener: [Function: socketListenerWrap],
2022-08-03 17:11:42:       setEncoding: [Function: socketSetEncoding],
2022-08-03 17:11:42:       _paused: false,
2022-08-03 17:11:42:       _httpMessage: [ServerResponse],
2022-08-03 17:11:42:       [Symbol(async_id_symbol)]: 33,
2022-08-03 17:11:42:       [Symbol(kHandle)]: [TCP],
2022-08-03 17:11:42:       [Symbol(lastWriteQueueSize)]: 0,
2022-08-03 17:11:42:       [Symbol(timeout)]: null,
2022-08-03 17:11:42:       [Symbol(kBuffer)]: null,
2022-08-03 17:11:42:       [Symbol(kBufferCb)]: null,
2022-08-03 17:11:42:       [Symbol(kBufferGen)]: null,
2022-08-03 17:11:42:       [Symbol(kCapture)]: false,
2022-08-03 17:11:42:       [Symbol(kSetNoDelay)]: false,
2022-08-03 17:11:42:       [Symbol(kSetKeepAlive)]: false,
2022-08-03 17:11:42:       [Symbol(kSetKeepAliveInitialDelay)]: 0,
2022-08-03 17:11:42:       [Symbol(kBytesRead)]: 0,
2022-08-03 17:11:42:       [Symbol(kBytesWritten)]: 0,
2022-08-03 17:11:42:       [Symbol(RequestTimeout)]: undefined
2022-08-03 17:11:42:     },
2022-08-03 17:11:42:     _consuming: true,
2022-08-03 17:11:42:     _dumped: false,
2022-08-03 17:11:42:     next: [Function: next],
2022-08-03 17:11:42:     baseUrl: '',
2022-08-03 17:11:42:     originalUrl: '/open_admin/user/login',
2022-08-03 17:11:42:     _parsedUrl: Url {
2022-08-03 17:11:42:       protocol: null,
2022-08-03 17:11:42:       slashes: null,
2022-08-03 17:11:42:       auth: null,
2022-08-03 17:11:42:       host: null,
2022-08-03 17:11:42:       port: null,
2022-08-03 17:11:42:       hostname: null,
2022-08-03 17:11:42:       hash: null,
2022-08-03 17:11:42:       search: null,
2022-08-03 17:11:42:       query: null,
2022-08-03 17:11:42:       pathname: '/open_admin/user/login',
2022-08-03 17:11:42:       path: '/open_admin/user/login',
2022-08-03 17:11:42:       href: '/open_admin/user/login',
2022-08-03 17:11:42:       _raw: '/open_admin/user/login'
2022-08-03 17:11:42:     },
2022-08-03 17:11:42:     params: { method: 'login' },
2022-08-03 17:11:42:     query: {},
2022-08-03 17:11:42:     res: ServerResponse {
2022-08-03 17:11:42:       _events: [Object: null prototype],
2022-08-03 17:11:42:       _eventsCount: 1,
2022-08-03 17:11:42:       _maxListeners: undefined,
2022-08-03 17:11:42:       outputData: [],
2022-08-03 17:11:42:       outputSize: 0,
2022-08-03 17:11:42:       writable: true,
2022-08-03 17:11:42:       destroyed: false,
2022-08-03 17:11:42:       _last: false,
2022-08-03 17:11:42:       chunkedEncoding: false,
2022-08-03 17:11:42:       shouldKeepAlive: true,
2022-08-03 17:11:42:       maxRequestsOnConnectionReached: false,
2022-08-03 17:11:42:       _defaultKeepAlive: true,
2022-08-03 17:11:42:       useChunkedEncodingByDefault: true,
2022-08-03 17:11:42:       sendDate: true,
2022-08-03 17:11:42:       _removedConnection: false,
2022-08-03 17:11:42:       _removedContLen: false,
2022-08-03 17:11:42:       _removedTE: false,
2022-08-03 17:11:42:       _contentLength: null,
2022-08-03 17:11:42:       _hasBody: true,
2022-08-03 17:11:42:       _trailer: '',
2022-08-03 17:11:42:       finished: false,
2022-08-03 17:11:42:       _headerSent: false,
2022-08-03 17:11:42:       _closed: false,
2022-08-03 17:11:42:       socket: [Socket],
2022-08-03 17:11:42:       _header: null,
2022-08-03 17:11:42:       _keepAliveTimeout: 5000,
2022-08-03 17:11:42:       _onPendingData: [Function: bound updateOutgoingData],
2022-08-03 17:11:42:       req: [Circular *1],
2022-08-03 17:11:42:       _sent100: false,
2022-08-03 17:11:42:       _expect_continue: false,
2022-08-03 17:11:42:       locals: [Object: null prototype] {},
2022-08-03 17:11:42:       callback: [Function (anonymous)],
2022-08-03 17:11:42:       [Symbol(kCapture)]: false,
2022-08-03 17:11:42:       [Symbol(kNeedDrain)]: false,
2022-08-03 17:11:42:       [Symbol(corked)]: 0,
2022-08-03 17:11:42:       [Symbol(kOutHeaders)]: [Object: null prototype]
2022-08-03 17:11:42:     },
2022-08-03 17:11:42:     body: { loginName: 'admin', password: '123456' },
2022-08-03 17:11:42:     _body: true,
2022-08-03 17:11:42:     length: undefined,
2022-08-03 17:11:42:     route: Route {
2022-08-03 17:11:42:       path: '/open_admin/user/:method',
2022-08-03 17:11:42:       stack: [Array],
2022-08-03 17:11:42:       methods: [Object]
2022-08-03 17:11:42:     },
2022-08-03 17:11:42:     [Symbol(kCapture)]: false,
2022-08-03 17:11:42:     [Symbol(kHeaders)]: {
2022-08-03 17:11:42:       host: '127.0.0.1:8855',
2022-08-03 17:11:42:       connection: 'keep-alive',
2022-08-03 17:11:42:       'content-length': '41',
2022-08-03 17:11:42:       'sec-ch-ua': '".Not/A)Brand";v="99", "Google Chrome";v="103", "Chromium";v="103"',
2022-08-03 17:11:42:       accept: 'application/json, text/plain, */*',
2022-08-03 17:11:42:       'content-type': 'application/json;charset=UTF-8',
2022-08-03 17:11:42:       'sec-ch-ua-mobile': '?0',
2022-08-03 17:11:42:       'user-agent': 'Mozilla/5.0 (Macintosh; Intel Mac OS X 10_15_7) AppleWebKit/537.36 (KHTML, like Gecko) Chrome/103.0.0.0 Safari/537.36',
2022-08-03 17:11:42:       'sec-ch-ua-platform': '"macOS"',
2022-08-03 17:11:42:       origin: 'http://127.0.0.1:8855',
2022-08-03 17:11:42:       'sec-fetch-site': 'same-origin',
2022-08-03 17:11:42:       'sec-fetch-mode': 'cors',
2022-08-03 17:11:42:       'sec-fetch-dest': 'empty',
2022-08-03 17:11:42:       referer: 'http://127.0.0.1:8855/admin/',
2022-08-03 17:11:42:       'accept-encoding': 'gzip, deflate, br',
2022-08-03 17:11:42:       'accept-language': 'zh-CN,zh;q=0.9,en;q=0.8',
2022-08-03 17:11:42:       cookie: '_ga=GA1.1.1470094115.1656697612; _ga_39NRXSECDR=GS1.1.1656697612.1.1.1656702666.0'
2022-08-03 17:11:42:     },
2022-08-03 17:11:42:     [Symbol(kHeadersCount)]: 34,
2022-08-03 17:11:42:     [Symbol(kTrailers)]: null,
2022-08-03 17:11:42:     [Symbol(kTrailersCount)]: 0,
2022-08-03 17:11:42:     [Symbol(RequestTimeout)]: undefined
2022-08-03 17:11:42:   },
2022-08-03 17:11:42:   res: <ref *2> ServerResponse {
2022-08-03 17:11:42:     _events: [Object: null prototype] { finish: [Array] },
2022-08-03 17:11:42:     _eventsCount: 1,
2022-08-03 17:11:42:     _maxListeners: undefined,
2022-08-03 17:11:42:     outputData: [],
2022-08-03 17:11:42:     outputSize: 0,
2022-08-03 17:11:42:     writable: true,
2022-08-03 17:11:42:     destroyed: false,
2022-08-03 17:11:42:     _last: false,
2022-08-03 17:11:42:     chunkedEncoding: false,
2022-08-03 17:11:42:     shouldKeepAlive: true,
2022-08-03 17:11:42:     maxRequestsOnConnectionReached: false,
2022-08-03 17:11:42:     _defaultKeepAlive: true,
2022-08-03 17:11:42:     useChunkedEncodingByDefault: true,
2022-08-03 17:11:42:     sendDate: true,
2022-08-03 17:11:42:     _removedConnection: false,
2022-08-03 17:11:42:     _removedContLen: false,
2022-08-03 17:11:42:     _removedTE: false,
2022-08-03 17:11:42:   _contentLength: null,
2022-08-03 17:11:42:     _hasBody: true,
2022-08-03 17:11:42:     _trailer: '',
2022-08-03 17:11:42:     finished: false,
2022-08-03 17:11:42:     _headerSent: false,
2022-08-03 17:11:42:     _closed: false,
2022-08-03 17:11:42:     socket: Socket {
2022-08-03 17:11:42:       connecting: false,
2022-08-03 17:11:42:       _hadError: false,
2022-08-03 17:11:42:       _parent: null,
2022-08-03 17:11:42:       _host: null,
2022-08-03 17:11:42:       _readableState: [ReadableState],
2022-08-03 17:11:42:       _events: [Object: null prototype],
2022-08-03 17:11:42:       _eventsCount: 8,
2022-08-03 17:11:42:       _maxListeners: undefined,
2022-08-03 17:11:42:       _writableState: [WritableState],
2022-08-03 17:11:42:       allowHalfOpen: true,
2022-08-03 17:11:42:       _sockname: null,
2022-08-03 17:11:42:       _pendingData: null,
2022-08-03 17:11:42:       _pendingEncoding: '',
2022-08-03 17:11:42:       server: [Server],
2022-08-03 17:11:42:       _server: [Server],
2022-08-03 17:11:42:       parser: [HTTPParser],
2022-08-03 17:11:42:       on: [Function: socketListenerWrap],
2022-08-03 17:11:42:       addListener: [Function: socketListenerWrap],
2022-08-03 17:11:42:       prependListener: [Function: socketListenerWrap],
2022-08-03 17:11:42:       setEncoding: [Function: socketSetEncoding],
2022-08-03 17:11:42:       _paused: false,
2022-08-03 17:11:42:       _httpMessage: [Circular *2],
2022-08-03 17:11:42:       [Symbol(async_id_symbol)]: 33,
2022-08-03 17:11:42:       [Symbol(kHandle)]: [TCP],
2022-08-03 17:11:42:       [Symbol(lastWriteQueueSize)]: 0,
2022-08-03 17:11:42:       [Symbol(timeout)]: null,
2022-08-03 17:11:42:       [Symbol(kBuffer)]: null,
2022-08-03 17:11:42:       [Symbol(kBufferCb)]: null,
2022-08-03 17:11:42:       [Symbol(kBufferGen)]: null,
2022-08-03 17:11:42:       [Symbol(kCapture)]: false,
2022-08-03 17:11:42:       [Symbol(kSetNoDelay)]: false,
2022-08-03 17:11:42:       [Symbol(kSetKeepAlive)]: false,
2022-08-03 17:11:42:       [Symbol(kSetKeepAliveInitialDelay)]: 0,
2022-08-03 17:11:42:       [Symbol(kBytesRead)]: 0,
2022-08-03 17:11:42:       [Symbol(kBytesWritten)]: 0,
2022-08-03 17:11:42:       [Symbol(RequestTimeout)]: undefined
2022-08-03 17:11:42:     },
2022-08-03 17:11:42:     _header: null,
2022-08-03 17:11:42:     _keepAliveTimeout: 5000,
2022-08-03 17:11:42:     _onPendingData: [Function: bound updateOutgoingData],
2022-08-03 17:11:42:     req: <ref *1> IncomingMessage {
2022-08-03 17:11:42:       _readableState: [ReadableState],
2022-08-03 17:11:42:       _events: [Object: null prototype],
2022-08-03 17:11:42:       _eventsCount: 1,
2022-08-03 17:11:42:       _maxListeners: undefined,
2022-08-03 17:11:42:       socket: [Socket],
2022-08-03 17:11:42:       httpVersionMajor: 1,
2022-08-03 17:11:42:       httpVersionMinor: 1,
2022-08-03 17:11:42:       httpVersion: '1.1',
2022-08-03 17:11:42:       complete: true,
2022-08-03 17:11:42:       rawHeaders: [Array],
2022-08-03 17:11:42:       rawTrailers: [],
2022-08-03 17:11:42:       aborted: false,
2022-08-03 17:11:42:       upgrade: false,
2022-08-03 17:11:42:       url: '/open_admin/user/login',
2022-08-03 17:11:42:       method: 'POST',
2022-08-03 17:11:42:       statusCode: null,
2022-08-03 17:11:42:       statusMessage: null,
2022-08-03 17:11:42:       client: [Socket],
2022-08-03 17:11:42:       _consuming: true,
2022-08-03 17:11:42:       _dumped: false,
2022-08-03 17:11:42:       next: [Function: next],
2022-08-03 17:11:42:       baseUrl: '',
2022-08-03 17:11:42:       originalUrl: '/open_admin/user/login',
2022-08-03 17:11:42:       _parsedUrl: [Url],
2022-08-03 17:11:42:       params: [Object],
2022-08-03 17:11:42:       query: {},
2022-08-03 17:11:42:       res: [Circular *2],
2022-08-03 17:11:42:       body: [Object],
2022-08-03 17:11:42:       _body: true,
2022-08-03 17:11:42:       length: undefined,
2022-08-03 17:11:42:       route: [Route],
2022-08-03 17:11:42:       [Symbol(kCapture)]: false,
2022-08-03 17:11:42:       [Symbol(kHeaders)]: [Object],
2022-08-03 17:11:42:       [Symbol(kHeadersCount)]: 34,
2022-08-03 17:11:42:       [Symbol(kTrailers)]: null,
2022-08-03 17:11:42:       [Symbol(kTrailersCount)]: 0,
2022-08-03 17:11:42:       [Symbol(RequestTimeout)]: undefined
2022-08-03 17:11:42:     },
2022-08-03 17:11:42:     _sent100: false,
2022-08-03 17:11:42:     _expect_continue: false,
2022-08-03 17:11:42:     locals: [Object: null prototype] {},
2022-08-03 17:11:42:     callback: [Function (anonymous)],
2022-08-03 17:11:42:     [Symbol(kCapture)]: false,
2022-08-03 17:11:42:     [Symbol(kNeedDrain)]: false,
2022-08-03 17:11:42:     [Symbol(corked)]: 0,
2022-08-03 17:11:42:     [Symbol(kOutHeaders)]: [Object: null prototype] { 'x-powered-by': [Array] }
2022-08-03 17:11:42:   }
2022-08-03 17:11:42: }
2022-08-03 17:11:52: Error: connect ETIMEDOUT
2022-08-03 17:11:52:     at PoolConnection.Connection._handleConnectTimeout (/Users/bk/yzf/bitkeep/pro_open_admin/src/node_modules/mysql/lib/Connection.js:409:13)
2022-08-03 17:11:52:     at Object.onceWrapper (node:events:641:28)
2022-08-03 17:11:52:     at Socket.emit (node:events:527:28)
2022-08-03 17:11:52:     at Socket._onTimeout (node:net:516:8)
2022-08-03 17:11:52:     at listOnTimeout (node:internal/timers:559:17)
2022-08-03 17:11:52:     at processTimers (node:internal/timers:502:7)
2022-08-03 17:11:52:     --------------------
2022-08-03 17:11:52:     at Protocol._enqueue (/Users/bk/yzf/bitkeep/pro_open_admin/src/node_modules/mysql/lib/protocol/Protocol.js:144:48)
2022-08-03 17:11:52:     at Protocol.handshake (/Users/bk/yzf/bitkeep/pro_open_admin/src/node_modules/mysql/lib/protocol/Protocol.js:51:23)
2022-08-03 17:11:52:     at PoolConnection.connect (/Users/bk/yzf/bitkeep/pro_open_admin/src/node_modules/mysql/lib/Connection.js:116:18)
2022-08-03 17:11:52:     at Pool.getConnection (/Users/bk/yzf/bitkeep/pro_open_admin/src/node_modules/mysql/lib/Pool.js:48:16)
2022-08-03 17:11:52:     at Pool.query (/Users/bk/yzf/bitkeep/pro_open_admin/src/node_modules/mysql/lib/Pool.js:202:8)
2022-08-03 17:11:52:     at /Users/bk/yzf/bitkeep/pro_open_admin/src/node_modules/promise-mysql/lib/helper.js:26:45
2022-08-03 17:11:52:     at Promise._execute (/Users/bk/yzf/bitkeep/pro_open_admin/src/node_modules/bluebird/js/release/debuggability.js:384:9)
2022-08-03 17:11:52:     at Promise._resolveFromExecutor (/Users/bk/yzf/bitkeep/pro_open_admin/src/node_modules/bluebird/js/release/promise.js:518:18)
2022-08-03 17:11:52:     at new Promise (/Users/bk/yzf/bitkeep/pro_open_admin/src/node_modules/bluebird/js/release/promise.js:103:10)
2022-08-03 17:11:52:     at Pool.promiseCallback (/Users/bk/yzf/bitkeep/pro_open_admin/src/node_modules/promise-mysql/lib/helper.js:8:16)
2022-08-03 17:11:52:     at pool.query (/Users/bk/yzf/bitkeep/pro_open_admin/src/node_modules/promise-mysql/lib/pool.js:57:32)
2022-08-03 17:11:52:     at Function.queryMysql (/Users/bk/yzf/bitkeep/pro_open_admin/src/tool/dbhelper.js:46:36)
2022-08-03 17:11:52:     at UserController.login (/Users/bk/yzf/bitkeep/pro_open_admin/src/controller/controller.user.js:19:34)
2022-08-03 17:11:52:     at /Users/bk/yzf/bitkeep/pro_open_admin/src/index.js:82:43
2022-08-03 17:11:52:     at fun (/Users/bk/yzf/bitkeep/pro_open_admin/src/index.js:95:5)
2022-08-03 17:11:52:     at Layer.handle [as handle_request] (/Users/bk/yzf/bitkeep/pro_open_admin/src/node_modules/express/lib/router/layer.js:95:5) {
2022-08-03 17:11:52:   errorno: 'ETIMEDOUT',
2022-08-03 17:11:52:   code: 'ETIMEDOUT',
2022-08-03 17:11:52:   syscall: 'connect',
2022-08-03 17:11:52:   fatal: true
2022-08-03 17:11:52: }
2022-08-03 17:11:52: BKERROR /open_admin/user/login {"loginName":"admin","password":"123456"} connect ETIMEDOUT undefined
2022-08-03 17:11:52: ***** Monitor ***** /open_admin/user/login from ::ffff:127.0.0.1:【10019】
2022-08-03 17:11:52: Error: getaddrinfo ENOTFOUND ms.price
2022-08-03 17:11:52:     at GetAddrInfoReqWrap.onlookup [as oncomplete] (node:dns:71:26) {
2022-08-03 17:11:52:   errno: -3008,
2022-08-03 17:11:52:   code: 'ENOTFOUND',
2022-08-03 17:11:52:   syscall: 'getaddrinfo',
2022-08-03 17:11:52:   hostname: 'ms.price'
2022-08-03 17:11:52: }
2022-08-03 17:18:47: Server listening for http on 8855
2022-08-03 17:22:09: Server listening for http on 8855
2022-08-03 17:56:24: Server listening for http on 8855
2022-08-03 17:57:03: Server listening for http on 8855
2022-08-03 17:58:27: Server listening for http on 8855
2022-08-03 18:06:01: Server listening for http on 8855
2022-08-03 18:06:18: Server listening for http on 8855
2022-08-03 18:06:26: Server listening for http on 8855
2022-08-04 14:36:29: Server listening for http on 8855
2022-08-04 14:39:00: Server listening for http on 8855
2022-08-04 18:04:20: Server listening for http on 8855
